##############################################################################
# FEATURE PROGRESS LOG - WORDPRESS-IMAGE-UPLOAD
##############################################################################
2025-11-06 20:03:15 - Branch created: feature/wordpress-image-upload
2025-11-06 20:03:25 - Documentation structure set up (7 files)
2025-11-06 20:03:30 - Ready to begin feature development

# Format for future entries:
# [timestamp] - [Action taken] - [Result/Progress]
##############################################################################

# === COMPLETION LOG - Q&A GENERATION BUTTON FIX ===
2025-11-21 13:30:00 - ✅ TASK COMPLETED - Q&A Generation Button Fix v2.3.22
2025-11-21 13:29:00 - Production package created - requestdesk-connector-v2.3.22-production.zip
2025-11-21 13:28:00 - Debug logging removed - Clean production code ready
2025-11-21 13:25:00 - Q&A button functionality confirmed - Working on contentcucumber.local
2025-11-21 13:20:00 - Symlink deployment successful - Development workflow optimized
2025-11-21 13:15:00 - JavaScript debugging complete - Button click handlers working
2025-11-21 13:10:00 - Missing JavaScript file created - assets/js/aeo-admin.js
2025-11-21 13:05:00 - Root cause identified - Missing assets/js directory
2025-11-21 13:00:00 - Bug investigation started - Q&A generation button not working

##############################################################################